14:32:18 1 WalletTool.main: Starting up ...
 Getting MAINNETPARAMS shouldn't do this too many times
Checking genesis hash in mainnetparams
14:32:19 1 Context.<init>: Creating bitcoinj 0.14.2 context.
Chain file is missing so resetting the wallet.
Here we are setting up SPVBlockStore in WalletTool
14:32:20 1 SPVBlockStore.<init>: Creating new SPV block chain file mainnet.chain
in SPVblockStore, initNewStore - adding Genesis
14:32:20 1 Block.calculateHash: ok lets do this shit by hand holmes - genesis hash comin atya
Created spvstore store in wallettool
14:32:20 1 AbstractBlockChain.<init>: chain head is at height 0:
 block: 
   hash: 30758383eae55ae5c7752b73388c1c85bdfbe930ad25ad877252841ed1e734a4
   version: 1
   previous block: 0000000000000000000000000000000000000000000000000000000000000000
   merkle root: efcf46e12987c59f7a19ee5f670be6ddbe89702b0c1f62a8c6d0fc529f1b363f
   time: 1413817324 (2014-10-20T15:02:04Z)
   difficulty target (nBits): 504365040
   nonce: 1591189

14:32:20 1 AbstractBlockChain.addWallet: Wallet/chain height mismatch: 362171 vs 0
14:32:20 1 AbstractBlockChain.addWallet: Hashes: e3d5d9a722f74f25baf6028102bfe9bb65cc0eb981b030e305c5c14b28353072 vs 30758383eae55ae5c7752b73388c1c85bdfbe930ad25ad877252841ed1e734a4
created blockchain chain in wallettool w/ reset = true
Inside CheckpointManager.checkpoint static bullshit
14:32:20 1 CheckpointManager.checkpoint: Attempting to initialize a new block store with a checkpoint for time 1469970015 (2016-07-31T13:00:15Z)
Constructing a checkpointManager
Could not load checkpoints: Stream closed
14:32:20 11 PeerGroup$8.run: Starting ...
14:32:20 11 PeerGroup.maybeCheckForLocalhostPeer: Localhost peer not detected.
14:32:20 11 PeerGroup.connectTo: Attempting connection to [199.231.215.252]:8338     (0 connected, 1 pending, 1 max)
14:32:20 12 NioClientManager.handleKey: Connected to /199.231.215.252:8338
14:32:20 12 Peer.connectionOpened: Announcing to /199.231.215.252:8338 as: /bitcoinj:0.14.2/WalletTool:1.0/
14:32:20 12 Peer.processVersionMessage: [199.231.215.252]:8338: Got version=60101, subVer='/Satoshi:1.1.0/', services=0x3, time=2016-08-16 21:36:41, blocks=372760
14:32:20 12 PeerGroup.handleNewPeer: [199.231.215.252]:8338: New peer      (1 connected, 0 pending, 1 max)
14:32:20 12 PeerGroup.setDownloadPeer: Setting download peer: [199.231.215.252]:8338
14:32:20 12 DownloadProgressTracker.startDownload: Downloading block chain of size 372760. This may take a while.
14:32:22 12 AbstractBitcoinNetParams.checkDifficultyTransitions: Difficulty hit proof of work limit: 3fffc0000000000000000000000000000000000000000000000000000000
14:32:22 11 PeerGroup$ChainDownloadSpeedCalculator.calculate: 2000 blocks/sec, 0 tx/sec, 0 pre-filtered tx/sec, last 156.25 kilobytes per sec
14:32:23 12 DownloadProgressTracker.progress: Chain download 1% done with 369032 blocks to go, block date 2014-10-26T23:24:45Z
14:32:23 11 PeerGroup$ChainDownloadSpeedCalculator.calculate: 2000 blocks/sec, 0 tx/sec, 0 pre-filtered tx/sec, last 156.25 kilobytes per sec
14:32:24 11 PeerGroup$ChainDownloadSpeedCalculator.calculate: 2000 blocks/sec, 0 tx/sec, 0 pre-filtered tx/sec, last 156.25 kilobytes per sec
14:32:25 12 DownloadProgressTracker.progress: Chain download 2% done with 365304 blocks to go, block date 2014-11-01T07:22:06Z
14:32:25 11 PeerGroup$ChainDownloadSpeedCalculator.calculate: 2000 blocks/sec, 0 tx/sec, 0 pre-filtered tx/sec, last 156.25 kilobytes per sec
14:32:26 12 DownloadProgressTracker.progress: Chain download 3% done with 361577 blocks to go, block date 2014-11-06T17:15:58Z
14:32:26 11 PeerGroup$ChainDownloadSpeedCalculator.calculate: 4000 blocks/sec, 0 tx/sec, 0 pre-filtered tx/sec, last 312.50 kilobytes per sec
14:32:27 14 WalletFiles$1.call: Background saving wallet; last seen block is height 12000, date 2014-11-07T21:04:15Z, hash 154c6255f8731c94f793682156f10061b82d07c2a9669702daa58326869b6b1a
14:32:27 14 WalletFiles.saveNowInternal: Save completed in 74.98 ms
14:32:27 12 DownloadProgressTracker.progress: Chain download 4% done with 357849 blocks to go, block date 2014-11-12T02:02:39Z
14:32:27 11 PeerGroup$ChainDownloadSpeedCalculator.calculate: 4000 blocks/sec, 0 tx/sec, 0 pre-filtered tx/sec, last 312.50 kilobytes per sec
14:32:28 12 DownloadProgressTracker.progress: Chain download 5% done with 354122 blocks to go, block date 2014-11-17T12:57:01Z
14:32:28 11 PeerGroup$ChainDownloadSpeedCalculator.calculate: 4000 blocks/sec, 0 tx/sec, 0 pre-filtered tx/sec, last 312.50 kilobytes per sec
14:32:29 11 PeerGroup$ChainDownloadSpeedCalculator.calculate: 2000 blocks/sec, 0 tx/sec, 0 pre-filtered tx/sec, last 156.25 kilobytes per sec
14:32:30 12 DownloadProgressTracker.progress: Chain download 6% done with 350394 blocks to go, block date 2014-11-22T21:57:24Z
14:32:30 11 PeerGroup$ChainDownloadSpeedCalculator.calculate: 2000 blocks/sec, 0 tx/sec, 0 pre-filtered tx/sec, last 156.25 kilobytes per sec
14:32:31 12 DownloadProgressTracker.progress: Chain download 7% done with 346666 blocks to go, block date 2014-11-28T10:43:26Z
14:32:31 11 PeerGroup$ChainDownloadSpeedCalculator.calculate: 4000 blocks/sec, 0 tx/sec, 0 pre-filtered tx/sec, last 312.50 kilobytes per sec
14:32:32 14 WalletFiles$1.call: Background saving wallet; last seen block is height 29170, date 2014-12-03T18:13:35Z, hash b9584fc4fc4c31c5e59707e10df04caec56dc5f765a4b339b16af4fa6cf6afef
14:32:32 14 WalletFiles.saveNowInternal: Save completed in 81.90 ms
14:32:32 12 DownloadProgressTracker.progress: Chain download 8% done with 342939 blocks to go, block date 2014-12-04T15:48:33Z
14:32:32 11 PeerGroup$ChainDownloadSpeedCalculator.calculate: 2000 blocks/sec, 0 tx/sec, 0 pre-filtered tx/sec, last 156.25 kilobytes per sec
14:32:33 12 DownloadProgressTracker.progress: Chain download 9% done with 339211 blocks to go, block date 2014-12-10T13:52:38Z
14:32:33 11 PeerGroup$ChainDownloadSpeedCalculator.calculate: 5052 blocks/sec, 0 tx/sec, 0 pre-filtered tx/sec, last 394.69 kilobytes per sec
14:32:34 12 DownloadProgressTracker.progress: Chain download 10% done with 335484 blocks to go, block date 2014-12-15T22:06:17Z
14:32:34 11 PeerGroup$ChainDownloadSpeedCalculator.calculate: 4948 blocks/sec, 0 tx/sec, 0 pre-filtered tx/sec, last 386.56 kilobytes per sec
14:32:35 12 DownloadProgressTracker.progress: Chain download 11% done with 331756 blocks to go, block date 2014-12-21T06:03:08Z
14:32:35 11 PeerGroup$ChainDownloadSpeedCalculator.calculate: 4000 blocks/sec, 0 tx/sec, 0 pre-filtered tx/sec, last 312.50 kilobytes per sec
14:32:37 12 DownloadProgressTracker.progress: Chain download 12% done with 328028 blocks to go, block date 2014-12-26T13:42:33Z
14:32:37 14 WalletFiles$1.call: Background saving wallet; last seen block is height 46000, date 2014-12-28T09:48:09Z, hash 6530e85670fb15f57cd53c3e4e4b89a879d9c0014075eff5c62a082fbcc094a9
14:32:37 14 WalletFiles.saveNowInternal: Save completed in 50.18 ms
14:32:37 11 PeerGroup$ChainDownloadSpeedCalculator.calculate: 4369 blocks/sec, 0 tx/sec, 0 pre-filtered tx/sec, avg/last 36.95/341.33 kilobytes per sec (stall threshold <1.56 KB/sec for 10 seconds)
14:32:37 12 DownloadProgressTracker.progress: Chain download 13% done with 324301 blocks to go, block date 2015-01-01T01:23:01Z
14:32:38 12 DownloadProgressTracker.progress: Chain download 14% done with 320573 blocks to go, block date 2015-01-06T07:41:42Z
14:32:38 11 PeerGroup$ChainDownloadSpeedCalculator.calculate: 5631 blocks/sec, 0 tx/sec, 0 pre-filtered tx/sec, avg/last 80.63/439.92 kilobytes per sec (stall threshold <1.56 KB/sec for 10 seconds)
14:32:39 12 DownloadProgressTracker.progress: Chain download 15% done with 316846 blocks to go, block date 2015-01-11T15:17:42Z
14:32:39 11 PeerGroup$ChainDownloadSpeedCalculator.calculate: 4000 blocks/sec, 0 tx/sec, 0 pre-filtered tx/sec, avg/last 111.56/312.50 kilobytes per sec (stall threshold <1.56 KB/sec for 10 seconds)
14:32:40 12 DownloadProgressTracker.progress: Chain download 16% done with 313118 blocks to go, block date 2015-01-17T09:16:53Z
14:32:40 11 PeerGroup$ChainDownloadSpeedCalculator.calculate: 4000 blocks/sec, 0 tx/sec, 0 pre-filtered tx/sec, avg/last 142.50/312.50 kilobytes per sec (stall threshold <1.56 KB/sec for 10 seconds)
14:32:41 12 DownloadProgressTracker.progress: Chain download 17% done with 309390 blocks to go, block date 2015-01-22T17:18:00Z
14:32:41 11 PeerGroup$ChainDownloadSpeedCalculator.calculate: 4000 blocks/sec, 0 tx/sec, 0 pre-filtered tx/sec, avg/last 173.44/312.50 kilobytes per sec (stall threshold <1.56 KB/sec for 10 seconds)
14:32:41 12 DownloadProgressTracker.progress: Chain download 18% done with 305663 blocks to go, block date 2015-01-28T02:26:56Z
14:32:42 14 WalletFiles$1.call: Background saving wallet; last seen block is height 70000, date 2015-02-01T05:58:34Z, hash 2dd0c3d11af49c1f66ad81200fbb1229c3aa5fd8de5b4151c9289924097ecb9d
14:32:42 14 WalletFiles.saveNowInternal: Save completed in 84.57 ms
14:32:42 12 DownloadProgressTracker.progress: Chain download 19% done with 301935 blocks to go, block date 2015-02-02T09:55:50Z
14:32:42 11 PeerGroup$ChainDownloadSpeedCalculator.calculate: 6000 blocks/sec, 0 tx/sec, 0 pre-filtered tx/sec, avg/last 220.00/468.75 kilobytes per sec (stall threshold <1.56 KB/sec for 10 seconds)
14:32:43 12 DownloadProgressTracker.progress: Chain download 20% done with 298208 blocks to go, block date 2015-02-07T17:58:14Z
14:32:43 11 PeerGroup$ChainDownloadSpeedCalculator.calculate: 4000 blocks/sec, 0 tx/sec, 0 pre-filtered tx/sec, avg/last 250.94/312.50 kilobytes per sec (stall threshold <1.56 KB/sec for 10 seconds)
14:32:44 12 DownloadProgressTracker.progress: Chain download 21% done with 294480 blocks to go, block date 2015-02-13T02:15:08Z
14:32:44 11 PeerGroup$ChainDownloadSpeedCalculator.calculate: 6000 blocks/sec, 0 tx/sec, 0 pre-filtered tx/sec, avg/last 297.50/468.75 kilobytes per sec (stall threshold <1.56 KB/sec for 10 seconds)
14:32:45 12 DownloadProgressTracker.progress: Chain download 22% done with 290752 blocks to go, block date 2015-02-18T10:32:53Z
14:32:45 11 PeerGroup$ChainDownloadSpeedCalculator.calculate: 1426 blocks/sec, 0 tx/sec, 0 pre-filtered tx/sec, avg/last 308.33/111.41 kilobytes per sec (stall threshold <1.56 KB/sec for 10 seconds)
14:32:46 12 DownloadProgressTracker.progress: Chain download 23% done with 287025 blocks to go, block date 2015-02-23T21:09:51Z
14:32:46 11 PeerGroup$ChainDownloadSpeedCalculator.calculate: 4574 blocks/sec, 0 tx/sec, 0 pre-filtered tx/sec, avg/last 343.75/357.34 kilobytes per sec (stall threshold <1.56 KB/sec for 10 seconds)
14:32:47 12 DownloadProgressTracker.progress: Chain download 24% done with 283297 blocks to go, block date 2015-03-01T04:15:58Z
14:32:47 14 WalletFiles$1.call: Background saving wallet; last seen block is height 92000, date 2015-03-04T19:29:52Z, hash c820d402c3fbc52bc6a4c59817c3535440a25b5d4929ad82fd670934e80a687d
14:32:47 14 WalletFiles.saveNowInternal: Save completed in 70.19 ms
14:32:47 11 PeerGroup$ChainDownloadSpeedCalculator.calculate: 4000 blocks/sec, 0 tx/sec, 0 pre-filtered tx/sec, avg/last 340.87/312.50 kilobytes per sec (stall threshold <1.56 KB/sec for 10 seconds)
14:32:48 12 DownloadProgressTracker.progress: Chain download 25% done with 279570 blocks to go, block date 2015-03-06T11:13:55Z
14:32:48 12 DownloadProgressTracker.progress: Chain download 26% done with 275842 blocks to go, block date 2015-03-11T20:39:52Z
14:32:48 11 PeerGroup$ChainDownloadSpeedCalculator.calculate: 6000 blocks/sec, 0 tx/sec, 0 pre-filtered tx/sec, avg/last 343.75/468.75 kilobytes per sec (stall threshold <1.56 KB/sec for 10 seconds)
14:32:49 11 PeerGroup$ChainDownloadSpeedCalculator.calculate: 0 blocks/sec, 0 tx/sec, 0 pre-filtered tx/sec, avg/last 312.50/0.00 kilobytes per sec (stall threshold <1.56 KB/sec for 10 seconds)
14:32:50 12 DownloadProgressTracker.progress: Chain download 27% done with 272114 blocks to go, block date 2015-03-17T06:29:14Z
14:32:50 11 PeerGroup$ChainDownloadSpeedCalculator.calculate: 4000 blocks/sec, 0 tx/sec, 0 pre-filtered tx/sec, avg/last 312.50/312.50 kilobytes per sec (stall threshold <1.56 KB/sec for 10 seconds)
14:32:51 11 PeerGroup$ChainDownloadSpeedCalculator.calculate: 2000 blocks/sec, 0 tx/sec, 0 pre-filtered tx/sec, avg/last 296.88/156.25 kilobytes per sec (stall threshold <1.56 KB/sec for 10 seconds)
14:32:51 12 DownloadProgressTracker.progress: Chain download 28% done with 268387 blocks to go, block date 2015-03-22T14:12:45Z
14:32:52 12 DownloadProgressTracker.progress: Chain download 29% done with 264659 blocks to go, block date 2015-03-28T08:01:18Z
14:32:52 11 PeerGroup$ChainDownloadSpeedCalculator.calculate: 4100 blocks/sec, 0 tx/sec, 0 pre-filtered tx/sec, avg/last 282.03/320.31 kilobytes per sec (stall threshold <1.56 KB/sec for 10 seconds)
14:32:52 14 WalletFiles$1.call: Background saving wallet; last seen block is height 110000, date 2015-03-31T04:33:56Z, hash b94083f624b0ab18070c1026c6bdf93b067d943535a18958b5c056ed6bb5fb49
14:32:53 14 WalletFiles.saveNowInternal: Save completed in 33.76 ms
14:32:53 12 DownloadProgressTracker.progress: Chain download 30% done with 260932 blocks to go, block date 2015-04-02T19:00:45Z
14:32:53 11 PeerGroup$ChainDownloadSpeedCalculator.calculate: 3900 blocks/sec, 0 tx/sec, 0 pre-filtered tx/sec, avg/last 281.25/304.69 kilobytes per sec (stall threshold <1.56 KB/sec for 10 seconds)
14:32:54 11 PeerGroup$ChainDownloadSpeedCalculator.calculate: 0 blocks/sec, 0 tx/sec, 0 pre-filtered tx/sec, avg/last 234.38/0.00 kilobytes per sec (stall threshold <1.56 KB/sec for 10 seconds)
14:32:55 11 PeerGroup$ChainDownloadSpeedCalculator.calculate: 0 blocks/sec, 0 tx/sec, 0 pre-filtered tx/sec, avg/last 223.23/0.00 kilobytes per sec (stall threshold <1.56 KB/sec for 10 seconds)
14:32:56 11 PeerGroup$ChainDownloadSpeedCalculator.calculate: 2000 blocks/sec, 0 tx/sec, 0 pre-filtered tx/sec, avg/last 203.13/156.25 kilobytes per sec (stall threshold <1.56 KB/sec for 10 seconds)
14:32:57 11 PeerGroup$ChainDownloadSpeedCalculator.calculate: 0 blocks/sec, 0 tx/sec, 0 pre-filtered tx/sec, avg/last 171.88/0.00 kilobytes per sec (stall threshold <1.56 KB/sec for 10 seconds)
14:32:58 12 DownloadProgressTracker.progress: Chain download 31% done with 257204 blocks to go, block date 2015-04-08T02:31:21Z
14:32:58 14 WalletFiles$1.call: Background saving wallet; last seen block is height 116000, date 2015-04-08T19:18:57Z, hash 4be3b5f54626d128da0d57ecc1e725d47e002e036255afff9960d5e62b02b23d
14:32:58 14 WalletFiles.saveNowInternal: Save completed in 41.36 ms
14:32:58 11 PeerGroup$ChainDownloadSpeedCalculator.calculate: 2000 blocks/sec, 0 tx/sec, 0 pre-filtered tx/sec, avg/last 140.63/156.25 kilobytes per sec (stall threshold <1.56 KB/sec for 10 seconds)
14:32:59 11 PeerGroup$ChainDownloadSpeedCalculator.calculate: 2000 blocks/sec, 0 tx/sec, 0 pre-filtered tx/sec, avg/last 156.25/156.25 kilobytes per sec (stall threshold <1.56 KB/sec for 10 seconds)
14:33:00 12 DownloadProgressTracker.progress: Chain download 32% done with 253476 blocks to go, block date 2015-04-13T13:20:26Z
14:33:00 11 PeerGroup$ChainDownloadSpeedCalculator.calculate: 2000 blocks/sec, 0 tx/sec, 0 pre-filtered tx/sec, avg/last 140.63/156.25 kilobytes per sec (stall threshold <1.56 KB/sec for 10 seconds)
14:33:01 11 PeerGroup$ChainDownloadSpeedCalculator.calculate: 2000 blocks/sec, 0 tx/sec, 0 pre-filtered tx/sec, avg/last 140.63/156.25 kilobytes per sec (stall threshold <1.56 KB/sec for 10 seconds)
14:33:02 12 DownloadProgressTracker.progress: Chain download 33% done with 249749 blocks to go, block date 2015-04-19T05:21:07Z
14:33:02 11 PeerGroup$ChainDownloadSpeedCalculator.calculate: 2000 blocks/sec, 0 tx/sec, 0 pre-filtered tx/sec, avg/last 124.22/156.25 kilobytes per sec (stall threshold <1.56 KB/sec for 10 seconds)
14:33:03 12 DownloadProgressTracker.progress: Chain download 34% done with 246021 blocks to go, block date 2015-04-24T15:52:16Z
14:33:03 11 PeerGroup$ChainDownloadSpeedCalculator.calculate: 4000 blocks/sec, 0 tx/sec, 0 pre-filtered tx/sec, avg/last 125.00/312.50 kilobytes per sec (stall threshold <1.56 KB/sec for 10 seconds)
14:33:04 14 WalletFiles$1.call: Background saving wallet; last seen block is height 130000, date 2015-04-29T08:09:07Z, hash d751131ce131447fcfe025a699bfd7ff31004c85e89b8d94f9f1697f1747ea54
14:33:04 14 WalletFiles.saveNowInternal: Save completed in 66.12 ms
14:33:04 12 DownloadProgressTracker.progress: Chain download 35% done with 242294 blocks to go, block date 2015-04-30T00:34:50Z
14:33:04 11 PeerGroup$ChainDownloadSpeedCalculator.calculate: 3279 blocks/sec, 0 tx/sec, 0 pre-filtered tx/sec, avg/last 150.62/256.17 kilobytes per sec (stall threshold <1.56 KB/sec for 10 seconds)
14:33:05 12 DownloadProgressTracker.progress: Chain download 36% done with 238566 blocks to go, block date 2015-05-05T09:36:07Z
14:33:05 11 PeerGroup$ChainDownloadSpeedCalculator.calculate: 3245 blocks/sec, 0 tx/sec, 0 pre-filtered tx/sec, avg/last 175.97/253.52 kilobytes per sec (stall threshold <1.56 KB/sec for 10 seconds)
14:33:06 12 DownloadProgressTracker.progress: Chain download 37% done with 234838 blocks to go, block date 2015-05-10T19:45:57Z
14:33:06 11 PeerGroup$ChainDownloadSpeedCalculator.calculate: 5476 blocks/sec, 0 tx/sec, 0 pre-filtered tx/sec, avg/last 203.13/427.81 kilobytes per sec (stall threshold <1.56 KB/sec for 10 seconds)
14:33:07 12 DownloadProgressTracker.progress: Chain download 38% done with 231111 blocks to go, block date 2015-05-16T10:49:31Z
14:33:07 11 PeerGroup$ChainDownloadSpeedCalculator.calculate: 4359 blocks/sec, 0 tx/sec, 0 pre-filtered tx/sec, avg/last 237.18/340.55 kilobytes per sec (stall threshold <1.56 KB/sec for 10 seconds)
14:33:07 12 DownloadProgressTracker.progress: Chain download 39% done with 227383 blocks to go, block date 2015-05-22T02:55:36Z
14:33:08 11 PeerGroup$ChainDownloadSpeedCalculator.calculate: 1641 blocks/sec, 0 tx/sec, 0 pre-filtered tx/sec, avg/last 234.38/128.20 kilobytes per sec (stall threshold <1.56 KB/sec for 10 seconds)
14:33:09 12 DownloadProgressTracker.progress: Chain download 40% done with 223656 blocks to go, block date 2015-05-27T22:13:55Z
14:33:09 14 WalletFiles$1.call: Background saving wallet; last seen block is height 150000, date 2015-05-29T18:18:18Z, hash dc4e8887b8c770da785294eb71fff7a9bfda25bae3a1d17bc918a600e769ade2
14:33:09 11 PeerGroup$ChainDownloadSpeedCalculator.calculate: 4000 blocks/sec, 0 tx/sec, 0 pre-filtered tx/sec, avg/last 250.00/312.50 kilobytes per sec (stall threshold <1.56 KB/sec for 10 seconds)
14:33:09 14 WalletFiles.saveNowInternal: Save completed in 92.26 ms
14:33:10 12 DownloadProgressTracker.progress: Chain download 41% done with 219928 blocks to go, block date 2015-06-04T13:04:03Z
14:33:10 11 PeerGroup$ChainDownloadSpeedCalculator.calculate: 4000 blocks/sec, 0 tx/sec, 0 pre-filtered tx/sec, avg/last 265.63/312.50 kilobytes per sec (stall threshold <1.56 KB/sec for 10 seconds)
14:33:11 12 DownloadProgressTracker.progress: Chain download 42% done with 216200 blocks to go, block date 2015-06-10T05:59:30Z
14:33:11 11 PeerGroup$ChainDownloadSpeedCalculator.calculate: 6000 blocks/sec, 0 tx/sec, 0 pre-filtered tx/sec, avg/last 296.88/468.75 kilobytes per sec (stall threshold <1.56 KB/sec for 10 seconds)
14:33:12 12 DownloadProgressTracker.progress: Chain download 43% done with 212473 blocks to go, block date 2015-06-15T18:03:28Z
14:33:12 11 PeerGroup$ChainDownloadSpeedCalculator.calculate: 4000 blocks/sec, 0 tx/sec, 0 pre-filtered tx/sec, avg/last 312.50/312.50 kilobytes per sec (stall threshold <1.56 KB/sec for 10 seconds)
14:33:13 12 DownloadProgressTracker.progress: Chain download 44% done with 208745 blocks to go, block date 2015-06-21T14:01:54Z
14:33:13 11 PeerGroup$ChainDownloadSpeedCalculator.calculate: 2000 blocks/sec, 0 tx/sec, 0 pre-filtered tx/sec, avg/last 296.88/156.25 kilobytes per sec (stall threshold <1.56 KB/sec for 10 seconds)
14:33:14 12 DownloadProgressTracker.progress: Chain download 45% done with 205017 blocks to go, block date 2015-06-27T04:17:08Z
14:33:14 11 PeerGroup$ChainDownloadSpeedCalculator.calculate: 4000 blocks/sec, 0 tx/sec, 0 pre-filtered tx/sec, avg/last 302.51/312.50 kilobytes per sec (stall threshold <1.56 KB/sec for 10 seconds)
14:33:15 14 WalletFiles$1.call: Background saving wallet; last seen block is height 170000, date 2015-06-30T15:35:14Z, hash bd5cf6e51269200a4c0eeaf743242a3342bb51a3aa51d2e50cf19c666f10d868
14:33:15 14 WalletFiles.saveNowInternal: Save completed in 72.78 ms
14:33:15 12 DownloadProgressTracker.progress: Chain download 46% done with 201290 blocks to go, block date 2015-07-03T01:13:16Z
14:33:15 11 PeerGroup$ChainDownloadSpeedCalculator.calculate: 4000 blocks/sec, 0 tx/sec, 0 pre-filtered tx/sec, avg/last 308.41/312.50 kilobytes per sec (stall threshold <1.56 KB/sec for 10 seconds)
14:33:16 12 DownloadProgressTracker.progress: Chain download 47% done with 197562 blocks to go, block date 2015-07-08T13:08:22Z
14:33:16 11 PeerGroup$ChainDownloadSpeedCalculator.calculate: 4000 blocks/sec, 0 tx/sec, 0 pre-filtered tx/sec, avg/last 296.88/312.50 kilobytes per sec (stall threshold <1.56 KB/sec for 10 seconds)
14:33:16 12 DownloadProgressTracker.progress: Chain download 48% done with 193835 blocks to go, block date 2015-07-13T23:26:34Z
14:33:17 12 DownloadProgressTracker.progress: Chain download 49% done with 190107 blocks to go, block date 2015-07-19T09:06:11Z
14:33:17 11 PeerGroup$ChainDownloadSpeedCalculator.calculate: 6000 blocks/sec, 0 tx/sec, 0 pre-filtered tx/sec, avg/last 309.70/468.75 kilobytes per sec (stall threshold <1.56 KB/sec for 10 seconds)
14:33:18 12 DownloadProgressTracker.progress: Chain download 50% done with 186380 blocks to go, block date 2015-07-24T18:45:31Z
14:33:18 11 PeerGroup$ChainDownloadSpeedCalculator.calculate: 4000 blocks/sec, 0 tx/sec, 0 pre-filtered tx/sec, avg/last 328.13/312.50 kilobytes per sec (stall threshold <1.56 KB/sec for 10 seconds)
14:33:19 12 DownloadProgressTracker.progress: Chain download 51% done with 182652 blocks to go, block date 2015-07-30T04:12:32Z
14:33:19 11 PeerGroup$ChainDownloadSpeedCalculator.calculate: 4000 blocks/sec, 0 tx/sec, 0 pre-filtered tx/sec, avg/last 328.13/312.50 kilobytes per sec (stall threshold <1.56 KB/sec for 10 seconds)
14:33:20 12 DownloadProgressTracker.progress: Chain download 52% done with 178924 blocks to go, block date 2015-08-04T13:24:51Z
14:33:20 14 WalletFiles$1.call: Background saving wallet; last seen block is height 194000, date 2015-08-04T18:46:26Z, hash 34efba1597aee75796494a589cf99eaf695b87aef2d459f842dc77bc87835c84
14:33:20 14 WalletFiles.saveNowInternal: Save completed in 77.37 ms
14:33:20 12 DownloadProgressTracker.progress: Chain download 53% done with 175197 blocks to go, block date 2015-08-09T20:30:14Z
14:33:20 11 PeerGroup$ChainDownloadSpeedCalculator.calculate: 6000 blocks/sec, 0 tx/sec, 0 pre-filtered tx/sec, avg/last 343.75/468.75 kilobytes per sec (stall threshold <1.56 KB/sec for 10 seconds)
14:33:21 12 DownloadProgressTracker.progress: Chain download 54% done with 171469 blocks to go, block date 2015-08-15T05:35:48Z
14:33:21 11 PeerGroup$ChainDownloadSpeedCalculator.calculate: 4000 blocks/sec, 0 tx/sec, 0 pre-filtered tx/sec, avg/last 328.13/312.50 kilobytes per sec (stall threshold <1.56 KB/sec for 10 seconds)
14:33:22 11 PeerGroup$ChainDownloadSpeedCalculator.calculate: 2000 blocks/sec, 0 tx/sec, 0 pre-filtered tx/sec, avg/last 312.50/156.25 kilobytes per sec (stall threshold <1.56 KB/sec for 10 seconds)
14:33:23 12 DownloadProgressTracker.progress: Chain download 55% done with 167742 blocks to go, block date 2015-08-20T13:11:18Z
14:33:23 11 PeerGroup$ChainDownloadSpeedCalculator.calculate: 4000 blocks/sec, 0 tx/sec, 0 pre-filtered tx/sec, avg/last 328.13/312.50 kilobytes per sec (stall threshold <1.56 KB/sec for 10 seconds)
14:33:24 12 DownloadProgressTracker.progress: Chain download 56% done with 164014 blocks to go, block date 2015-08-26T00:23:55Z
14:33:24 11 PeerGroup$ChainDownloadSpeedCalculator.calculate: 4000 blocks/sec, 0 tx/sec, 0 pre-filtered tx/sec, avg/last 328.13/312.50 kilobytes per sec (stall threshold <1.56 KB/sec for 10 seconds)
14:33:24 12 DownloadProgressTracker.progress: Chain download 57% done with 160286 blocks to go, block date 2015-08-31T10:42:13Z
14:33:25 14 WalletFiles$1.call: Background saving wallet; last seen block is height 214000, date 2015-09-02T15:45:01Z, hash c7b343ef1efcf5733c9f94c9ccf895f1f9fa5750eadd2e8182e41069da8a2839
14:33:25 14 WalletFiles.saveNowInternal: Save completed in 89.82 ms
14:33:25 11 PeerGroup$ChainDownloadSpeedCalculator.calculate: 4000 blocks/sec, 0 tx/sec, 0 pre-filtered tx/sec, avg/last 328.13/312.50 kilobytes per sec (stall threshold <1.56 KB/sec for 10 seconds)
14:33:25 12 DownloadProgressTracker.progress: Chain download 58% done with 156559 blocks to go, block date 2015-09-05T21:17:28Z
14:33:26 11 PeerGroup$ChainDownloadSpeedCalculator.calculate: 2000 blocks/sec, 0 tx/sec, 0 pre-filtered tx/sec, avg/last 312.50/156.25 kilobytes per sec (stall threshold <1.56 KB/sec for 10 seconds)
14:33:27 12 DownloadProgressTracker.progress: Chain download 59% done with 152831 blocks to go, block date 2015-09-11T09:14:38Z
14:33:27 11 PeerGroup$ChainDownloadSpeedCalculator.calculate: 4000 blocks/sec, 0 tx/sec, 0 pre-filtered tx/sec, avg/last 296.88/312.50 kilobytes per sec (stall threshold <1.56 KB/sec for 10 seconds)
14:33:28 12 DownloadProgressTracker.progress: Chain download 60% done with 149104 blocks to go, block date 2015-09-16T19:23:28Z
14:33:28 11 PeerGroup$ChainDownloadSpeedCalculator.calculate: 4000 blocks/sec, 0 tx/sec, 0 pre-filtered tx/sec, avg/last 296.88/312.50 kilobytes per sec (stall threshold <1.56 KB/sec for 10 seconds)
14:33:29 12 DownloadProgressTracker.progress: Chain download 61% done with 145376 blocks to go, block date 2015-09-22T03:24:58Z
14:33:29 11 PeerGroup$ChainDownloadSpeedCalculator.calculate: 4000 blocks/sec, 0 tx/sec, 0 pre-filtered tx/sec, avg/last 296.88/312.50 kilobytes per sec (stall threshold <1.56 KB/sec for 10 seconds)
14:33:29 12 DownloadProgressTracker.progress: Chain download 62% done with 141648 blocks to go, block date 2015-09-27T13:14:46Z
14:33:30 14 WalletFiles$1.call: Background saving wallet; last seen block is height 234000, date 2015-10-01T17:15:00Z, hash 93cedecfe1b86ba1f4f0021d93bb8fd28c55254bcb009b54f3fa90571f39bcd1
14:33:30 14 WalletFiles.saveNowInternal: Save completed in 77.12 ms
14:33:30 12 DownloadProgressTracker.progress: Chain download 63% done with 137921 blocks to go, block date 2015-10-02T22:07:26Z
14:33:30 11 PeerGroup$ChainDownloadSpeedCalculator.calculate: 5664 blocks/sec, 0 tx/sec, 0 pre-filtered tx/sec, avg/last 294.25/442.50 kilobytes per sec (stall threshold <1.56 KB/sec for 10 seconds)
14:33:31 11 PeerGroup$ChainDownloadSpeedCalculator.calculate: 2336 blocks/sec, 0 tx/sec, 0 pre-filtered tx/sec, avg/last 281.25/182.50 kilobytes per sec (stall threshold <1.56 KB/sec for 10 seconds)
14:33:32 12 DownloadProgressTracker.progress: Chain download 64% done with 134193 blocks to go, block date 2015-10-08T07:25:27Z
14:33:32 11 PeerGroup$ChainDownloadSpeedCalculator.calculate: 3464 blocks/sec, 0 tx/sec, 0 pre-filtered tx/sec, avg/last 292.69/270.63 kilobytes per sec (stall threshold <1.56 KB/sec for 10 seconds)
14:33:33 12 DownloadProgressTracker.progress: Chain download 65% done with 130466 blocks to go, block date 2015-10-13T15:34:05Z
14:33:33 11 PeerGroup$ChainDownloadSpeedCalculator.calculate: 2536 blocks/sec, 0 tx/sec, 0 pre-filtered tx/sec, avg/last 281.25/198.13 kilobytes per sec (stall threshold <1.56 KB/sec for 10 seconds)
14:33:34 12 DownloadProgressTracker.progress: Chain download 66% done with 126738 blocks to go, block date 2015-10-19T01:20:55Z
14:33:34 11 PeerGroup$ChainDownloadSpeedCalculator.calculate: 4000 blocks/sec, 0 tx/sec, 0 pre-filtered tx/sec, avg/last 281.25/312.50 kilobytes per sec (stall threshold <1.56 KB/sec for 10 seconds)
14:33:35 12 DownloadProgressTracker.progress: Chain download 67% done with 123010 blocks to go, block date 2015-10-24T08:49:59Z
14:33:35 14 WalletFiles$1.call: Background saving wallet; last seen block is height 252000, date 2015-10-27T15:16:26Z, hash 017c53a6fd276babc30cd988f409d72f6990fdd5ece3cabc4a28984aa25843fb
14:33:35 11 PeerGroup$ChainDownloadSpeedCalculator.calculate: 4000 blocks/sec, 0 tx/sec, 0 pre-filtered tx/sec, avg/last 281.25/312.50 kilobytes per sec (stall threshold <1.56 KB/sec for 10 seconds)
14:33:35 14 WalletFiles.saveNowInternal: Save completed in 79.52 ms
14:33:36 12 DownloadProgressTracker.progress: Chain download 68% done with 119283 blocks to go, block date 2015-10-29T17:38:39Z
14:33:36 11 PeerGroup$ChainDownloadSpeedCalculator.calculate: 2000 blocks/sec, 0 tx/sec, 0 pre-filtered tx/sec, avg/last 281.25/156.25 kilobytes per sec (stall threshold <1.56 KB/sec for 10 seconds)
14:33:37 12 DownloadProgressTracker.progress: Chain download 69% done with 115555 blocks to go, block date 2015-11-04T03:58:19Z
14:33:37 11 PeerGroup$ChainDownloadSpeedCalculator.calculate: 6000 blocks/sec, 0 tx/sec, 0 pre-filtered tx/sec, avg/last 296.88/468.75 kilobytes per sec (stall threshold <1.56 KB/sec for 10 seconds)
14:33:38 12 DownloadProgressTracker.progress: Chain download 70% done with 111828 blocks to go, block date 2015-11-09T14:08:49Z
14:33:38 11 PeerGroup$ChainDownloadSpeedCalculator.calculate: 4000 blocks/sec, 0 tx/sec, 0 pre-filtered tx/sec, avg/last 296.88/312.50 kilobytes per sec (stall threshold <1.56 KB/sec for 10 seconds)
14:33:39 12 DownloadProgressTracker.progress: Chain download 71% done with 108100 blocks to go, block date 2015-11-15T02:27:33Z
14:33:39 11 PeerGroup$ChainDownloadSpeedCalculator.calculate: 2000 blocks/sec, 0 tx/sec, 0 pre-filtered tx/sec, avg/last 281.25/156.25 kilobytes per sec (stall threshold <1.56 KB/sec for 10 seconds)
14:33:40 11 PeerGroup$ChainDownloadSpeedCalculator.calculate: 2000 blocks/sec, 0 tx/sec, 0 pre-filtered tx/sec, avg/last 252.63/156.25 kilobytes per sec (stall threshold <1.56 KB/sec for 10 seconds)
14:33:40 12 DownloadProgressTracker.progress: Chain download 72% done with 104372 blocks to go, block date 2015-11-20T20:49:55Z
14:33:41 14 WalletFiles$1.call: Background saving wallet; last seen block is height 270000, date 2015-11-23T19:46:34Z, hash 49e4de99d0a9f0fc753f256f66313b7b6a18d98877bbabea15a1fd38047304fe
14:33:41 14 WalletFiles.saveNowInternal: Save completed in 69.87 ms
14:33:41 11 PeerGroup$ChainDownloadSpeedCalculator.calculate: 4000 blocks/sec, 0 tx/sec, 0 pre-filtered tx/sec, avg/last 265.63/312.50 kilobytes per sec (stall threshold <1.56 KB/sec for 10 seconds)
14:33:42 12 DownloadProgressTracker.progress: Chain download 73% done with 100645 blocks to go, block date 2015-11-30T06:30:06Z
14:33:42 12 DownloadProgressTracker.progress: Chain download 74% done with 96917 blocks to go, block date 2015-12-08T08:51:25Z
14:33:42 11 PeerGroup$ChainDownloadSpeedCalculator.calculate: 4000 blocks/sec, 0 tx/sec, 0 pre-filtered tx/sec, avg/last 269.81/312.50 kilobytes per sec (stall threshold <1.56 KB/sec for 10 seconds)
14:33:43 12 DownloadProgressTracker.progress: Chain download 75% done with 93190 blocks to go, block date 2015-12-16T09:45:35Z
14:33:43 11 PeerGroup$ChainDownloadSpeedCalculator.calculate: 6000 blocks/sec, 0 tx/sec, 0 pre-filtered tx/sec, avg/last 296.88/468.75 kilobytes per sec (stall threshold <1.56 KB/sec for 10 seconds)
14:33:44 12 DownloadProgressTracker.progress: Chain download 76% done with 89462 blocks to go, block date 2015-12-22T01:33:49Z
14:33:44 11 PeerGroup$ChainDownloadSpeedCalculator.calculate: 4000 blocks/sec, 0 tx/sec, 0 pre-filtered tx/sec, avg/last 296.88/312.50 kilobytes per sec (stall threshold <1.56 KB/sec for 10 seconds)
14:33:45 12 DownloadProgressTracker.progress: Chain download 77% done with 85734 blocks to go, block date 2016-01-05T12:38:53Z
14:33:45 11 PeerGroup$ChainDownloadSpeedCalculator.calculate: 4000 blocks/sec, 0 tx/sec, 0 pre-filtered tx/sec, avg/last 296.88/312.50 kilobytes per sec (stall threshold <1.56 KB/sec for 10 seconds)
14:33:46 12 DownloadProgressTracker.progress: Chain download 78% done with 82007 blocks to go, block date 2016-01-19T04:46:01Z
14:33:46 14 WalletFiles$1.call: Background saving wallet; last seen block is height 292000, date 2016-01-24T14:40:41Z, hash 093a0e3e0ba46ec0a4cedc1309e91ca7e0084651e89305c40d2b90db16ae38db
14:33:46 14 WalletFiles.saveNowInternal: Save completed in 77.47 ms
14:33:46 11 PeerGroup$ChainDownloadSpeedCalculator.calculate: 4000 blocks/sec, 0 tx/sec, 0 pre-filtered tx/sec, avg/last 312.50/312.50 kilobytes per sec (stall threshold <1.56 KB/sec for 10 seconds)
14:33:47 12 DownloadProgressTracker.progress: Chain download 79% done with 78279 blocks to go, block date 2016-01-28T10:59:53Z
14:33:47 11 PeerGroup$ChainDownloadSpeedCalculator.calculate: 4000 blocks/sec, 0 tx/sec, 0 pre-filtered tx/sec, avg/last 296.88/312.50 kilobytes per sec (stall threshold <1.56 KB/sec for 10 seconds)
14:33:48 12 DownloadProgressTracker.progress: Chain download 80% done with 74552 blocks to go, block date 2016-02-04T16:41:01Z
14:33:48 12 DownloadProgressTracker.progress: Chain download 81% done with 70824 blocks to go, block date 2016-02-15T10:21:55Z
14:33:48 11 PeerGroup$ChainDownloadSpeedCalculator.calculate: 4789 blocks/sec, 0 tx/sec, 0 pre-filtered tx/sec, avg/last 303.04/374.14 kilobytes per sec (stall threshold <1.56 KB/sec for 10 seconds)
14:33:49 12 DownloadProgressTracker.progress: Chain download 82% done with 67096 blocks to go, block date 2016-02-27T01:44:51Z
14:33:49 11 PeerGroup$ChainDownloadSpeedCalculator.calculate: 2955 blocks/sec, 0 tx/sec, 0 pre-filtered tx/sec, avg/last 310.50/230.86 kilobytes per sec (stall threshold <1.56 KB/sec for 10 seconds)
14:33:50 12 DownloadProgressTracker.progress: Chain download 83% done with 63369 blocks to go, block date 2016-03-10T19:18:33Z
14:33:50 11 PeerGroup$ChainDownloadSpeedCalculator.calculate: 4256 blocks/sec, 0 tx/sec, 0 pre-filtered tx/sec, avg/last 328.13/332.50 kilobytes per sec (stall threshold <1.56 KB/sec for 10 seconds)
14:33:51 12 DownloadProgressTracker.progress: Chain download 84% done with 59641 blocks to go, block date 2016-03-18T21:32:47Z
14:33:51 14 WalletFiles$1.call: Background saving wallet; last seen block is height 314000, date 2016-03-22T00:17:00Z, hash d0e8e0fd9f5858e8e394e15fc4b866cd31b8d4ff034dfee0c13b37a539eb5748
14:33:51 14 WalletFiles.saveNowInternal: Save completed in 47.41 ms
14:33:51 11 PeerGroup$ChainDownloadSpeedCalculator.calculate: 4000 blocks/sec, 0 tx/sec, 0 pre-filtered tx/sec, avg/last 328.13/312.50 kilobytes per sec (stall threshold <1.56 KB/sec for 10 seconds)
14:33:52 12 DownloadProgressTracker.progress: Chain download 85% done with 55914 blocks to go, block date 2016-04-01T00:48:53Z
14:33:52 11 PeerGroup$ChainDownloadSpeedCalculator.calculate: 6000 blocks/sec, 0 tx/sec, 0 pre-filtered tx/sec, avg/last 343.75/468.75 kilobytes per sec (stall threshold <1.56 KB/sec for 10 seconds)
14:33:53 12 DownloadProgressTracker.progress: Chain download 86% done with 52186 blocks to go, block date 2016-04-18T09:19:14Z
14:33:53 11 PeerGroup$ChainDownloadSpeedCalculator.calculate: 2000 blocks/sec, 0 tx/sec, 0 pre-filtered tx/sec, avg/last 312.50/156.25 kilobytes per sec (stall threshold <1.56 KB/sec for 10 seconds)
14:33:54 11 PeerGroup$ChainDownloadSpeedCalculator.calculate: 2215 blocks/sec, 0 tx/sec, 0 pre-filtered tx/sec, avg/last 298.55/173.05 kilobytes per sec (stall threshold <1.56 KB/sec for 10 seconds)
14:33:54 12 DownloadProgressTracker.progress: Chain download 87% done with 48458 blocks to go, block date 2016-05-03T20:59:33Z
14:33:55 12 DownloadProgressTracker.progress: Chain download 88% done with 44731 blocks to go, block date 2016-05-16T18:32:34Z
14:33:55 11 PeerGroup$ChainDownloadSpeedCalculator.calculate: 4869 blocks/sec, 0 tx/sec, 0 pre-filtered tx/sec, avg/last 305.34/380.39 kilobytes per sec (stall threshold <1.56 KB/sec for 10 seconds)
14:33:56 12 DownloadProgressTracker.progress: Chain download 89% done with 41003 blocks to go, block date 2016-06-02T14:32:27Z
14:33:56 11 PeerGroup$ChainDownloadSpeedCalculator.calculate: 4916 blocks/sec, 0 tx/sec, 0 pre-filtered tx/sec, avg/last 312.50/384.06 kilobytes per sec (stall threshold <1.56 KB/sec for 10 seconds)
14:33:57 14 WalletFiles$1.call: Background saving wallet; last seen block is height 334000, date 2016-06-05T20:09:00Z, hash 51128fd9ee948d1a0526396e3f35655f7ca6430b638bc930ccb77ba7c4039007
14:33:57 14 WalletFiles.saveNowInternal: Save completed in 33.03 ms
14:33:57 12 DownloadProgressTracker.progress: Chain download 90% done with 37276 blocks to go, block date 2016-06-10T10:01:29Z
14:33:57 11 PeerGroup$ChainDownloadSpeedCalculator.calculate: 4000 blocks/sec, 0 tx/sec, 0 pre-filtered tx/sec, avg/last 312.50/312.50 kilobytes per sec (stall threshold <1.56 KB/sec for 10 seconds)
14:33:58 12 DownloadProgressTracker.progress: Chain download 91% done with 33548 blocks to go, block date 2016-06-18T04:48:46Z
14:33:58 12 DownloadProgressTracker.progress: Chain download 92% done with 29820 blocks to go, block date 2016-06-24T20:31:52Z
14:33:58 11 PeerGroup$ChainDownloadSpeedCalculator.calculate: 6000 blocks/sec, 0 tx/sec, 0 pre-filtered tx/sec, avg/last 321.96/468.75 kilobytes per sec (stall threshold <1.56 KB/sec for 10 seconds)
14:33:59 12 DownloadProgressTracker.progress: Chain download 93% done with 26093 blocks to go, block date 2016-07-05T00:17:58Z
14:33:59 11 PeerGroup$ChainDownloadSpeedCalculator.calculate: 4000 blocks/sec, 0 tx/sec, 0 pre-filtered tx/sec, avg/last 330.13/312.50 kilobytes per sec (stall threshold <1.56 KB/sec for 10 seconds)
14:34:00 12 DownloadProgressTracker.progress: Chain download 94% done with 22365 blocks to go, block date 2016-07-14T08:44:49Z
14:34:00 11 PeerGroup$ChainDownloadSpeedCalculator.calculate: 6000 blocks/sec, 0 tx/sec, 0 pre-filtered tx/sec, avg/last 343.75/468.75 kilobytes per sec (stall threshold <1.56 KB/sec for 10 seconds)
14:34:01 12 DownloadProgressTracker.progress: Chain download 95% done with 18638 blocks to go, block date 2016-07-20T07:07:18Z
14:34:01 12 DownloadProgressTracker.progress: Chain download 96% done with 14910 blocks to go, block date 2016-07-25T15:44:47Z
14:34:01 11 PeerGroup$ChainDownloadSpeedCalculator.calculate: 4000 blocks/sec, 0 tx/sec, 0 pre-filtered tx/sec, avg/last 343.75/312.50 kilobytes per sec (stall threshold <1.56 KB/sec for 10 seconds)
14:34:02 14 WalletFiles$1.call: Background saving wallet; last seen block is height 360000, date 2016-07-28T17:28:19Z, hash f794a6e1ac8f1431647c31dc209ac78b914d6e30f1bcb93ffc8d22245bf9181c
14:34:02 14 WalletFiles.saveNowInternal: Save completed in 80.14 ms
14:34:02 11 PeerGroup$ChainDownloadSpeedCalculator.calculate: 2000 blocks/sec, 0 tx/sec, 0 pre-filtered tx/sec, avg/last 312.50/156.25 kilobytes per sec (stall threshold <1.56 KB/sec for 10 seconds)
14:34:03 12 DownloadProgressTracker.progress: Chain download 97% done with 11182 blocks to go, block date 2016-07-31T00:27:15Z
14:34:03 12 Peer.processHeaders: Passed the fast catchup time, discarding 66 headers and requesting full blocks
14:34:03 11 PeerGroup$ChainDownloadSpeedCalculator.calculate: 2340 blocks/sec, 0 tx/sec, 410 pre-filtered tx/sec, avg/last 315.16/182.81 kilobytes per sec (stall threshold <1.56 KB/sec for 10 seconds)
We didn' t find it in SPVBlockStore.get
14:34:04 12 AbstractBlockChain.add: and... storedPrev was null
14:34:04 12 AbstractBlockChain.add: Block does not connect: b956cda67f65b80d09396ce2fd9dbbffa0dd18c440de757adbe0dcdd6c593f73 prev b9ba1e76b1bcc49f29eb05705c13744fe2d8145adbe7d261f0e51fa82a8c90c6
14:34:04 11 PeerGroup$ChainDownloadSpeedCalculator.calculate: 586 blocks/sec, 0 tx/sec, 588 pre-filtered tx/sec, avg/last 302.43/45.78 kilobytes per sec (stall threshold <1.56 KB/sec for 10 seconds)
14:34:05 11 PeerGroup$ChainDownloadSpeedCalculator.calculate: 508 blocks/sec, 0 tx/sec, 508 pre-filtered tx/sec, avg/last 268.36/39.69 kilobytes per sec (stall threshold <1.56 KB/sec for 10 seconds)
14:34:06 11 PeerGroup$ChainDownloadSpeedCalculator.calculate: 995 blocks/sec, 0 tx/sec, 1000 pre-filtered tx/sec, avg/last 237.73/77.73 kilobytes per sec (stall threshold <1.56 KB/sec for 10 seconds)
14:34:07 11 PeerGroup$ChainDownloadSpeedCalculator.calculate: 505 blocks/sec, 0 tx/sec, 508 pre-filtered tx/sec, avg/last 210.42/39.45 kilobytes per sec (stall threshold <1.56 KB/sec for 10 seconds)
14:34:08 12 DownloadProgressTracker.progress: Chain download 98% done with 7455 blocks to go, block date 2016-08-05T16:12:05Z
14:34:08 14 WalletFiles$1.call: Background saving wallet; last seen block is height 365431, date 2016-08-05T20:57:22Z, hash 88abf414d331bf144913771bbc4417e28e7caad6e33c3172a35996ed6d7dff65
14:34:08 14 WalletFiles.saveNowInternal: Save completed in 68.92 ms
14:34:08 11 PeerGroup$ChainDownloadSpeedCalculator.calculate: 844 blocks/sec, 0 tx/sec, 847 pre-filtered tx/sec, avg/last 170.14/65.94 kilobytes per sec (stall threshold <1.56 KB/sec for 10 seconds)
14:34:09 11 PeerGroup$ChainDownloadSpeedCalculator.calculate: 656 blocks/sec, 1 tx/sec, 657 pre-filtered tx/sec, avg/last 144.03/51.36 kilobytes per sec (stall threshold <1.56 KB/sec for 10 seconds)
14:34:10 11 PeerGroup$ChainDownloadSpeedCalculator.calculate: 917 blocks/sec, 0 tx/sec, 919 pre-filtered tx/sec, avg/last 104.31/71.64 kilobytes per sec (stall threshold <1.56 KB/sec for 10 seconds)
14:34:11 11 PeerGroup$ChainDownloadSpeedCalculator.calculate: 583 blocks/sec, 0 tx/sec, 584 pre-filtered tx/sec, avg/last 77.62/45.55 kilobytes per sec (stall threshold <1.56 KB/sec for 10 seconds)
14:34:12 11 PeerGroup$ChainDownloadSpeedCalculator.calculate: 996 blocks/sec, 0 tx/sec, 1006 pre-filtered tx/sec, avg/last 69.78/77.81 kilobytes per sec (stall threshold <1.56 KB/sec for 10 seconds)
14:34:13 14 WalletFiles$1.call: Background saving wallet; last seen block is height 368934, date 2016-08-10T21:27:46Z, hash 84cf4ac2778180251c110c7b60d20e5de02438c8dcb0f83f6fcae1328bc1c238
14:34:13 14 WalletFiles.saveNowInternal: Save completed in 88.36 ms
14:34:13 12 DownloadProgressTracker.progress: Chain download 99% done with 3727 blocks to go, block date 2016-08-11T01:22:49Z
14:34:13 11 PeerGroup$ChainDownloadSpeedCalculator.calculate: 504 blocks/sec, 0 tx/sec, 507 pre-filtered tx/sec, avg/last 55.43/39.38 kilobytes per sec (stall threshold <1.56 KB/sec for 10 seconds)
14:34:14 11 PeerGroup$ChainDownloadSpeedCalculator.calculate: 1000 blocks/sec, 0 tx/sec, 1010 pre-filtered tx/sec, avg/last 58.67/78.13 kilobytes per sec (stall threshold <1.56 KB/sec for 10 seconds)
14:34:15 11 PeerGroup$ChainDownloadSpeedCalculator.calculate: 500 blocks/sec, 0 tx/sec, 501 pre-filtered tx/sec, avg/last 58.60/39.06 kilobytes per sec (stall threshold <1.56 KB/sec for 10 seconds)
14:34:16 11 PeerGroup$ChainDownloadSpeedCalculator.calculate: 1000 blocks/sec, 0 tx/sec, 1017 pre-filtered tx/sec, avg/last 58.64/78.13 kilobytes per sec (stall threshold <1.56 KB/sec for 10 seconds)
14:34:17 11 PeerGroup$ChainDownloadSpeedCalculator.calculate: 601 blocks/sec, 0 tx/sec, 603 pre-filtered tx/sec, avg/last 59.39/46.95 kilobytes per sec (stall threshold <1.56 KB/sec for 10 seconds)
14:34:18 12 AbstractBlockChain.tryConnectingOrphans: Connected orphan b956cda67f65b80d09396ce2fd9dbbffa0dd18c440de757adbe0dcdd6c593f73
14:34:18 12 AbstractBlockChain.tryConnectingOrphans: Connected 1 orphan blocks.
14:34:18 12 DownloadProgressTracker.progress: Chain download 100% done with 0 blocks to go, block date 2016-08-16T13:26:09Z
14:34:18 11 PeerGroup$9.run: Stopping ...
14:34:18 1 PeerGroup.stop: Awaiting PeerGroup shutdown ...
14:34:18 11 PeerGroup$9.run: Stopped.
